<?xml version="1.0" encoding="UTF-8"?>
<!-- Generated by org.testng.reporters.JUnitXMLReporter -->
<testsuite ignored="0" hostname="USER-PC" failures="1" tests="1" name="Test" time="51.904" errors="0" timestamp="2022-12-19T11:51:57 IST">
  <testcase classname="TNTestCases.TetsCases" name="contectTestCases" time="1.067">
    <failure type="org.testng.internal.thread.ThreadTimeoutException" message="Method TNTestCases.TetsCases.contectTestCases() didn&amp;apos;t finish within the time-out 1000">
      <![CDATA[org.testng.internal.thread.ThreadTimeoutException: Method TNTestCases.TetsCases.contectTestCases() didn't finish within the time-out 1000
at java.base/java.util.ArrayList.forEach(ArrayList.java:1511)
... Removed 24 stack frames]]>
    </failure>
  </testcase> <!-- contectTestCases -->
</testsuite> <!-- Test -->
