<?xml version="1.0" encoding="UTF-8"?>
<testng-results ignored="0" total="1" passed="1" failed="0" skipped="0">
  <reporter-output>
  </reporter-output>
  <suite started-at="2022-12-26T13:39:42 IST" name="Default suite" finished-at="2022-12-26T13:41:12 IST" duration-ms="90005">
    <groups>
    </groups>
    <test started-at="2022-12-26T13:39:42 IST" name="Default test" finished-at="2022-12-26T13:41:12 IST" duration-ms="90005">
      <class name="TNTestCases.ContrastChecker">
        <test-method is-config="true" signature="SetUp()[pri:0, instance:TNTestCases.ContrastChecker@7c24b813]" started-at="2022-12-26T13:39:42 IST" name="SetUp" finished-at="2022-12-26T13:41:10 IST" duration-ms="88217" status="PASS">
          <reporter-output>
          </reporter-output>
        </test-method> <!-- SetUp -->
        <test-method signature="ckeckcolor()[pri:0, instance:TNTestCases.ContrastChecker@7c24b813]" started-at="2022-12-26T13:41:10 IST" name="ckeckcolor" finished-at="2022-12-26T13:41:12 IST" duration-ms="1665" status="PASS">
          <reporter-output>
          </reporter-output>
        </test-method> <!-- ckeckcolor -->
      </class> <!-- TNTestCases.ContrastChecker -->
    </test> <!-- Default test -->
  </suite> <!-- Default suite -->
</testng-results>
